<?xml version="1.0" encoding="UTF-8"?>
<coverage generated="1704470389506" clover="3.2.0">
  <project timestamp="1704470389506" name="All files">
    <metrics statements="21" coveredstatements="10" conditionals="4" coveredconditionals="2" methods="3" coveredmethods="0" elements="28" coveredelements="12" complexity="0" loc="21" ncloc="21" packages="1" files="1" classes="1"/>
    <file name="backend.ts" path="C:\Users\aamir\Documents\TSI\react\Weatherapp3\backend\backend.ts">
      <metrics statements="21" coveredstatements="10" conditionals="4" coveredconditionals="2" methods="3" coveredmethods="0"/>
      <line num="6" count="1" type="stmt"/>
      <line num="7" count="1" type="stmt"/>
      <line num="9" count="1" type="stmt"/>
      <line num="10" count="1" type="stmt"/>
      <line num="12" count="1" type="stmt"/>
      <line num="13" count="0" type="stmt"/>
      <line num="15" count="0" type="stmt"/>
      <line num="16" count="0" type="stmt"/>
      <line num="24" count="0" type="cond" truecount="0" falsecount="2"/>
      <line num="25" count="0" type="stmt"/>
      <line num="26" count="0" type="stmt"/>
      <line num="28" count="0" type="stmt"/>
      <line num="31" count="0" type="stmt"/>
      <line num="32" count="0" type="stmt"/>
      <line num="37" count="1" type="stmt"/>
      <line num="38" count="1" type="stmt"/>
      <line num="41" count="1" type="stmt"/>
      <line num="42" count="0" type="stmt"/>
      <line num="45" count="1" type="cond" truecount="2" falsecount="0"/>
      <line num="46" count="1" type="stmt"/>
      <line num="47" count="0" type="stmt"/>
    </file>
  </project>
</coverage>
