<?xml version="1.0" encoding="UTF-8"?>
<coverage generated="1704382672693" clover="3.2.0">
  <project timestamp="1704382672694" name="All files">
    <metrics statements="34" coveredstatements="30" conditionals="10" coveredconditionals="8" methods="13" coveredmethods="10" elements="57" coveredelements="48" complexity="0" loc="34" ncloc="34" packages="3" files="8" classes="8"/>
    <package name="Weatherapp3">
      <metrics statements="2" coveredstatements="2" conditionals="0" coveredconditionals="0" methods="1" coveredmethods="1"/>
      <file name="sum.js" path="C:\Users\aamir\Documents\TSI\react\Weatherapp3\sum.js">
        <metrics statements="2" coveredstatements="2" conditionals="0" coveredconditionals="0" methods="1" coveredmethods="1"/>
        <line num="3" count="1" type="stmt"/>
        <line num="6" count="1" type="stmt"/>
      </file>
    </package>
    <package name="Weatherapp3.src">
      <metrics statements="13" coveredstatements="11" conditionals="6" coveredconditionals="6" methods="4" coveredmethods="3"/>
      <file name="App.tsx" path="C:\Users\aamir\Documents\TSI\react\Weatherapp3\src\App.tsx">
        <metrics statements="13" coveredstatements="11" conditionals="6" coveredconditionals="6" methods="4" coveredmethods="3"/>
        <line num="26" count="2" type="stmt"/>
        <line num="27" count="2" type="stmt"/>
        <line num="29" count="2" type="stmt"/>
        <line num="30" count="1" type="stmt"/>
        <line num="31" count="1" type="stmt"/>
        <line num="35" count="1" type="stmt"/>
        <line num="36" count="1" type="stmt"/>
        <line num="37" count="1" type="stmt"/>
        <line num="39" count="0" type="stmt"/>
        <line num="43" count="2" type="stmt"/>
        <line num="44" count="1" type="stmt"/>
        <line num="47" count="2" type="stmt"/>
        <line num="50" count="0" type="stmt"/>
      </file>
    </package>
    <package name="Weatherapp3.src.Components">
      <metrics statements="19" coveredstatements="17" conditionals="4" coveredconditionals="2" methods="8" coveredmethods="6"/>
      <file name="Humidity.tsx" path="C:\Users\aamir\Documents\TSI\react\Weatherapp3\src\Components\Humidity.tsx">
        <metrics statements="2" coveredstatements="2" conditionals="0" coveredconditionals="0" methods="1" coveredmethods="1"/>
        <line num="7" count="1" type="stmt"/>
        <line num="8" count="1" type="stmt"/>
      </file>
      <file name="SearchBar.tsx" path="C:\Users\aamir\Documents\TSI\react\Weatherapp3\src\Components\SearchBar.tsx">
        <metrics statements="6" coveredstatements="4" conditionals="0" coveredconditionals="0" methods="3" coveredmethods="1"/>
        <line num="9" count="1" type="stmt"/>
        <line num="10" count="2" type="stmt"/>
        <line num="11" count="0" type="stmt"/>
        <line num="14" count="2" type="stmt"/>
        <line num="15" count="0" type="stmt"/>
        <line num="18" count="2" type="stmt"/>
      </file>
      <file name="WeatherData.tsx" path="C:\Users\aamir\Documents\TSI\react\Weatherapp3\src\Components\WeatherData.tsx">
        <metrics statements="2" coveredstatements="2" conditionals="0" coveredconditionals="0" methods="1" coveredmethods="1"/>
        <line num="6" count="1" type="stmt"/>
        <line num="7" count="1" type="stmt"/>
      </file>
      <file name="WeatherDescription.tsx" path="C:\Users\aamir\Documents\TSI\react\Weatherapp3\src\Components\WeatherDescription.tsx">
        <metrics statements="2" coveredstatements="2" conditionals="0" coveredconditionals="0" methods="1" coveredmethods="1"/>
        <line num="7" count="1" type="stmt"/>
        <line num="10" count="1" type="stmt"/>
      </file>
      <file name="WeatherImage.tsx" path="C:\Users\aamir\Documents\TSI\react\Weatherapp3\src\Components\WeatherImage.tsx">
        <metrics statements="5" coveredstatements="5" conditionals="4" coveredconditionals="2" methods="1" coveredmethods="1"/>
        <line num="17" count="1" type="stmt"/>
        <line num="31" count="1" type="stmt"/>
        <line num="32" count="1" type="stmt"/>
        <line num="34" count="1" type="cond" truecount="1" falsecount="1"/>
        <line num="38" count="1" type="stmt"/>
      </file>
      <file name="Wind.tsx" path="C:\Users\aamir\Documents\TSI\react\Weatherapp3\src\Components\Wind.tsx">
        <metrics statements="2" coveredstatements="2" conditionals="0" coveredconditionals="0" methods="1" coveredmethods="1"/>
        <line num="7" count="1" type="stmt"/>
        <line num="8" count="1" type="stmt"/>
      </file>
    </package>
  </project>
</coverage>
