{"C:\\Users\\aamir\\Documents\\TSI\\react\\Weatherapp3\\sum.js": {"path":"C:\\Users\\aamir\\Documents\\TSI\\react\\Weatherapp3\\sum.js","statementMap":{"0":{"start":{"line":3,"column":4},"end":{"line":3,"column":17}},"1":{"start":{"line":6,"column":2},"end":{"line":6,"column":23}}},"fnMap":{"0":{"name":"sum","decl":{"start":{"line":2,"column":9},"end":{"line":2,"column":12}},"loc":{"start":{"line":2,"column":19},"end":{"line":4,"column":3}},"line":2}},"branchMap":{},"s":{"0":1,"1":1},"f":{"0":1},"b":{},"_coverageSchema":"1a1c01bbd47fc00a2c39e90264f33305004495a9","hash":"9057342bcc2d3e0fe55111d184efa6b9b0645fb9"}
,"C:\\Users\\aamir\\Documents\\TSI\\react\\Weatherapp3\\src\\App.tsx": {"path":"C:\\Users\\aamir\\Documents\\TSI\\react\\Weatherapp3\\src\\App.tsx","statementMap":{"0":{"start":{"line":26,"column":40},"end":{"line":26,"column":74}},"1":{"start":{"line":27,"column":26},"end":{"line":27,"column":44}},"2":{"start":{"line":29,"column":17},"end":{"line":41,"column":3}},"3":{"start":{"line":30,"column":4},"end":{"line":40,"column":5}},"4":{"start":{"line":31,"column":23},"end":{"line":33,"column":7}},"5":{"start":{"line":35,"column":19},"end":{"line":35,"column":40}},"6":{"start":{"line":36,"column":6},"end":{"line":36,"column":50}},"7":{"start":{"line":37,"column":6},"end":{"line":37,"column":27}},"8":{"start":{"line":39,"column":6},"end":{"line":39,"column":51}},"9":{"start":{"line":43,"column":2},"end":{"line":45,"column":9}},"10":{"start":{"line":44,"column":4},"end":{"line":44,"column":13}},"11":{"start":{"line":47,"column":2},"end":{"line":77,"column":4}},"12":{"start":{"line":50,"column":41},"end":{"line":50,"column":59}}},"fnMap":{"0":{"name":"App","decl":{"start":{"line":25,"column":9},"end":{"line":25,"column":12}},"loc":{"start":{"line":25,"column":15},"end":{"line":78,"column":1}},"line":25},"1":{"name":"(anonymous_1)","decl":{"start":{"line":29,"column":17},"end":{"line":29,"column":18}},"loc":{"start":{"line":29,"column":48},"end":{"line":41,"column":3}},"line":29},"2":{"name":"(anonymous_2)","decl":{"start":{"line":43,"column":12},"end":{"line":43,"column":13}},"loc":{"start":{"line":43,"column":18},"end":{"line":45,"column":3}},"line":43},"3":{"name":"(anonymous_3)","decl":{"start":{"line":50,"column":16},"end":{"line":50,"column":17}},"loc":{"start":{"line":50,"column":41},"end":{"line":50,"column":59}},"line":50}},"branchMap":{"0":{"loc":{"start":{"line":32,"column":46},"end":{"line":32,"column":64}},"type":"binary-expr","locations":[{"start":{"line":32,"column":46},"end":{"line":32,"column":56}},{"start":{"line":32,"column":60},"end":{"line":32,"column":64}}],"line":32},"1":{"loc":{"start":{"line":55,"column":7},"end":{"line":75,"column":7}},"type":"binary-expr","locations":[{"start":{"line":55,"column":7},"end":{"line":55,"column":18}},{"start":{"line":55,"column":22},"end":{"line":55,"column":38}},{"start":{"line":55,"column":42},"end":{"line":55,"column":58}},{"start":{"line":56,"column":8},"end":{"line":74,"column":11}}],"line":55}},"s":{"0":3,"1":3,"2":3,"3":2,"4":2,"5":1,"6":1,"7":1,"8":0,"9":3,"10":2,"11":3,"12":0},"f":{"0":3,"1":2,"2":2,"3":0},"b":{"0":[2,2],"1":[3,1,1,1]},"_coverageSchema":"1a1c01bbd47fc00a2c39e90264f33305004495a9","hash":"ac79e07d88bd157958539a0c09928097df2ccaa1"}
,"C:\\Users\\aamir\\Documents\\TSI\\react\\Weatherapp3\\src\\Components\\Humidity.tsx": {"path":"C:\\Users\\aamir\\Documents\\TSI\\react\\Weatherapp3\\src\\Components\\Humidity.tsx","statementMap":{"0":{"start":{"line":7,"column":17},"end":{"line":15,"column":1}},"1":{"start":{"line":8,"column":2},"end":{"line":14,"column":4}}},"fnMap":{"0":{"name":"(anonymous_0)","decl":{"start":{"line":7,"column":17},"end":{"line":7,"column":18}},"loc":{"start":{"line":7,"column":42},"end":{"line":15,"column":1}},"line":7}},"branchMap":{},"s":{"0":2,"1":1},"f":{"0":1},"b":{},"_coverageSchema":"1a1c01bbd47fc00a2c39e90264f33305004495a9","hash":"33428e94082f2163b4ebbadbb1e578d18da6abaa"}
,"C:\\Users\\aamir\\Documents\\TSI\\react\\Weatherapp3\\src\\Components\\SearchBar.tsx": {"path":"C:\\Users\\aamir\\Documents\\TSI\\react\\Weatherapp3\\src\\Components\\SearchBar.tsx","statementMap":{"0":{"start":{"line":9,"column":35},"end":{"line":34,"column":1}},"1":{"start":{"line":10,"column":28},"end":{"line":12,"column":3}},"2":{"start":{"line":11,"column":4},"end":{"line":11,"column":17}},"3":{"start":{"line":14,"column":27},"end":{"line":16,"column":3}},"4":{"start":{"line":15,"column":4},"end":{"line":15,"column":28}},"5":{"start":{"line":18,"column":2},"end":{"line":33,"column":4}}},"fnMap":{"0":{"name":"(anonymous_0)","decl":{"start":{"line":9,"column":35},"end":{"line":9,"column":36}},"loc":{"start":{"line":9,"column":66},"end":{"line":34,"column":1}},"line":9},"1":{"name":"(anonymous_1)","decl":{"start":{"line":10,"column":28},"end":{"line":10,"column":29}},"loc":{"start":{"line":10,"column":34},"end":{"line":12,"column":3}},"line":10},"2":{"name":"(anonymous_2)","decl":{"start":{"line":14,"column":27},"end":{"line":14,"column":28}},"loc":{"start":{"line":14,"column":71},"end":{"line":16,"column":3}},"line":14}},"branchMap":{},"s":{"0":2,"1":3,"2":0,"3":3,"4":0,"5":3},"f":{"0":3,"1":0,"2":0},"b":{},"_coverageSchema":"1a1c01bbd47fc00a2c39e90264f33305004495a9","hash":"b0e8019cee5feaf360e3a37cc4047306e07568d6"}
,"C:\\Users\\aamir\\Documents\\TSI\\react\\Weatherapp3\\src\\Components\\WeatherData.tsx": {"path":"C:\\Users\\aamir\\Documents\\TSI\\react\\Weatherapp3\\src\\Components\\WeatherData.tsx","statementMap":{"0":{"start":{"line":6,"column":20},"end":{"line":13,"column":1}},"1":{"start":{"line":7,"column":2},"end":{"line":12,"column":4}}},"fnMap":{"0":{"name":"(anonymous_0)","decl":{"start":{"line":6,"column":20},"end":{"line":6,"column":21}},"loc":{"start":{"line":6,"column":58},"end":{"line":13,"column":1}},"line":6}},"branchMap":{},"s":{"0":2,"1":1},"f":{"0":1},"b":{},"_coverageSchema":"1a1c01bbd47fc00a2c39e90264f33305004495a9","hash":"1618ce0b3c7062a4fad544670e3921c4c2e69305"}
,"C:\\Users\\aamir\\Documents\\TSI\\react\\Weatherapp3\\src\\Components\\WeatherDescription.tsx": {"path":"C:\\Users\\aamir\\Documents\\TSI\\react\\Weatherapp3\\src\\Components\\WeatherDescription.tsx","statementMap":{"0":{"start":{"line":7,"column":62},"end":{"line":18,"column":1}},"1":{"start":{"line":10,"column":2},"end":{"line":17,"column":4}}},"fnMap":{"0":{"name":"(anonymous_0)","decl":{"start":{"line":7,"column":62},"end":{"line":7,"column":63}},"loc":{"start":{"line":9,"column":6},"end":{"line":18,"column":1}},"line":9}},"branchMap":{},"s":{"0":2,"1":1},"f":{"0":1},"b":{},"_coverageSchema":"1a1c01bbd47fc00a2c39e90264f33305004495a9","hash":"ecc5c6946935f5f50b1f53e0232fc6e23cffe5f2"}
,"C:\\Users\\aamir\\Documents\\TSI\\react\\Weatherapp3\\src\\Components\\WeatherImage.tsx": {"path":"C:\\Users\\aamir\\Documents\\TSI\\react\\Weatherapp3\\src\\Components\\WeatherImage.tsx","statementMap":{"0":{"start":{"line":17,"column":53},"end":{"line":29,"column":1}},"1":{"start":{"line":31,"column":38},"end":{"line":39,"column":1}},"2":{"start":{"line":32,"column":22},"end":{"line":32,"column":47}},"3":{"start":{"line":34,"column":23},"end":{"line":36,"column":17}},"4":{"start":{"line":38,"column":2},"end":{"line":38,"column":60}}},"fnMap":{"0":{"name":"(anonymous_0)","decl":{"start":{"line":31,"column":38},"end":{"line":31,"column":39}},"loc":{"start":{"line":31,"column":56},"end":{"line":39,"column":1}},"line":31}},"branchMap":{"0":{"loc":{"start":{"line":34,"column":23},"end":{"line":36,"column":17}},"type":"cond-expr","locations":[{"start":{"line":35,"column":6},"end":{"line":35,"column":43}},{"start":{"line":36,"column":6},"end":{"line":36,"column":17}}],"line":34},"1":{"loc":{"start":{"line":35,"column":6},"end":{"line":35,"column":43}},"type":"binary-expr","locations":[{"start":{"line":35,"column":6},"end":{"line":35,"column":28}},{"start":{"line":35,"column":32},"end":{"line":35,"column":43}}],"line":35}},"s":{"0":2,"1":2,"2":1,"3":1,"4":1},"f":{"0":1},"b":{"0":[1,0],"1":[1,0]},"_coverageSchema":"1a1c01bbd47fc00a2c39e90264f33305004495a9","hash":"af704f0ace33770786de29440d002852dd57dcf2"}
,"C:\\Users\\aamir\\Documents\\TSI\\react\\Weatherapp3\\src\\Components\\Wind.tsx": {"path":"C:\\Users\\aamir\\Documents\\TSI\\react\\Weatherapp3\\src\\Components\\Wind.tsx","statementMap":{"0":{"start":{"line":7,"column":13},"end":{"line":15,"column":1}},"1":{"start":{"line":8,"column":2},"end":{"line":14,"column":4}}},"fnMap":{"0":{"name":"(anonymous_0)","decl":{"start":{"line":7,"column":13},"end":{"line":7,"column":14}},"loc":{"start":{"line":7,"column":39},"end":{"line":15,"column":1}},"line":7}},"branchMap":{},"s":{"0":2,"1":1},"f":{"0":1},"b":{},"_coverageSchema":"1a1c01bbd47fc00a2c39e90264f33305004495a9","hash":"ef9d24ef50f0cd3131a2bdc2df6640fa49962c01"}
}
