{"C:\\Users\\aamir\\Documents\\TSI\\react\\Weatherapp3\\backend\\backend.ts": {"path":"C:\\Users\\aamir\\Documents\\TSI\\react\\Weatherapp3\\backend\\backend.ts","statementMap":{"0":{"start":{"line":6,"column":12},"end":{"line":6,"column":21}},"1":{"start":{"line":7,"column":16},"end":{"line":7,"column":50}},"2":{"start":{"line":9,"column":0},"end":{"line":9,"column":16}},"3":{"start":{"line":10,"column":0},"end":{"line":10,"column":24}},"4":{"start":{"line":12,"column":0},"end":{"line":34,"column":3}},"5":{"start":{"line":13,"column":19},"end":{"line":13,"column":28}},"6":{"start":{"line":15,"column":2},"end":{"line":33,"column":3}},"7":{"start":{"line":16,"column":21},"end":{"line":22,"column":6}},"8":{"start":{"line":24,"column":4},"end":{"line":29,"column":5}},"9":{"start":{"line":25,"column":6},"end":{"line":25,"column":71}},"10":{"start":{"line":26,"column":6},"end":{"line":26,"column":30}},"11":{"start":{"line":28,"column":6},"end":{"line":28,"column":70}},"12":{"start":{"line":31,"column":4},"end":{"line":31,"column":25}},"13":{"start":{"line":32,"column":4},"end":{"line":32,"column":77}},"14":{"start":{"line":37,"column":21},"end":{"line":37,"column":74}},"15":{"start":{"line":38,"column":0},"end":{"line":38,"column":38}},"16":{"start":{"line":41,"column":0},"end":{"line":43,"column":3}},"17":{"start":{"line":42,"column":2},"end":{"line":42,"column":54}},"18":{"start":{"line":45,"column":13},"end":{"line":45,"column":37}},"19":{"start":{"line":46,"column":0},"end":{"line":48,"column":3}},"20":{"start":{"line":47,"column":2},"end":{"line":47,"column":51}}},"fnMap":{"0":{"name":"(anonymous_0)","decl":{"start":{"line":12,"column":20},"end":{"line":12,"column":21}},"loc":{"start":{"line":12,"column":59},"end":{"line":34,"column":1}},"line":12},"1":{"name":"(anonymous_1)","decl":{"start":{"line":41,"column":13},"end":{"line":41,"column":14}},"loc":{"start":{"line":41,"column":47},"end":{"line":43,"column":1}},"line":41},"2":{"name":"(anonymous_2)","decl":{"start":{"line":46,"column":17},"end":{"line":46,"column":18}},"loc":{"start":{"line":46,"column":23},"end":{"line":48,"column":1}},"line":46}},"branchMap":{"0":{"loc":{"start":{"line":24,"column":4},"end":{"line":29,"column":5}},"type":"if","locations":[{"start":{"line":24,"column":4},"end":{"line":29,"column":5}},{"start":{"line":27,"column":11},"end":{"line":29,"column":5}}],"line":24},"1":{"loc":{"start":{"line":45,"column":13},"end":{"line":45,"column":37}},"type":"binary-expr","locations":[{"start":{"line":45,"column":13},"end":{"line":45,"column":29}},{"start":{"line":45,"column":33},"end":{"line":45,"column":37}}],"line":45}},"s":{"0":1,"1":1,"2":1,"3":1,"4":1,"5":0,"6":0,"7":0,"8":0,"9":0,"10":0,"11":0,"12":0,"13":0,"14":1,"15":1,"16":1,"17":0,"18":1,"19":1,"20":0},"f":{"0":0,"1":0,"2":0},"b":{"0":[0,0],"1":[1,1]},"_coverageSchema":"1a1c01bbd47fc00a2c39e90264f33305004495a9","hash":"af1844cc3e3f81ad603e557f1dd255c91efb8367"}
}
