TN:
SF:sum.js
FN:2,sum
FNF:1
FNH:1
FNDA:1,sum
DA:3,1
DA:6,1
LF:2
LH:2
BRF:0
BRH:0
end_of_record
TN:
SF:src\App.tsx
FN:25,App
FN:29,(anonymous_1)
FN:43,(anonymous_2)
FN:50,(anonymous_3)
FNF:4
FNH:3
FNDA:3,App
FNDA:2,(anonymous_1)
FNDA:2,(anonymous_2)
FNDA:0,(anonymous_3)
DA:26,3
DA:27,3
DA:29,3
DA:30,2
DA:31,2
DA:35,1
DA:36,1
DA:37,1
DA:39,1
DA:43,3
DA:44,2
DA:47,3
DA:50,0
LF:13
LH:12
BRDA:32,0,0,1
BRDA:32,0,1,1
BRDA:55,1,0,3
BRDA:55,1,1,1
BRDA:55,1,2,1
BRDA:55,1,3,1
BRF:6
BRH:6
end_of_record
TN:
SF:src\Components\Humidity.tsx
FN:7,(anonymous_0)
FNF:1
FNH:1
FNDA:1,(anonymous_0)
DA:7,2
DA:8,1
LF:2
LH:2
BRF:0
BRH:0
end_of_record
TN:
SF:src\Components\SearchBar.tsx
FN:9,(anonymous_0)
FN:10,(anonymous_1)
FN:14,(anonymous_2)
FNF:3
FNH:1
FNDA:3,(anonymous_0)
FNDA:0,(anonymous_1)
FNDA:0,(anonymous_2)
DA:9,2
DA:10,3
DA:11,0
DA:14,3
DA:15,0
DA:18,3
LF:6
LH:4
BRF:0
BRH:0
end_of_record
TN:
SF:src\Components\WeatherData.tsx
FN:6,(anonymous_0)
FNF:1
FNH:1
FNDA:1,(anonymous_0)
DA:6,2
DA:7,1
LF:2
LH:2
BRF:0
BRH:0
end_of_record
TN:
SF:src\Components\WeatherDescription.tsx
FN:7,(anonymous_0)
FNF:1
FNH:1
FNDA:1,(anonymous_0)
DA:7,2
DA:10,1
LF:2
LH:2
BRF:0
BRH:0
end_of_record
TN:
SF:src\Components\WeatherImage.tsx
FN:31,(anonymous_0)
FNF:1
FNH:1
FNDA:1,(anonymous_0)
DA:17,2
DA:31,2
DA:32,1
DA:34,1
DA:38,1
LF:5
LH:5
BRDA:34,0,0,1
BRDA:34,0,1,0
BRDA:35,1,0,1
BRDA:35,1,1,0
BRF:4
BRH:2
end_of_record
TN:
SF:src\Components\Wind.tsx
FN:7,(anonymous_0)
FNF:1
FNH:1
FNDA:1,(anonymous_0)
DA:7,2
DA:8,1
LF:2
LH:2
BRF:0
BRH:0
end_of_record
